{"level":"error","message":"something went wrong while access home route , ReferenceError: StatusCode is not defined","timestamp":"2024-02-03 06:40:41"}
{"level":"error","message":"something went wrong while access home route , ReferenceError: StatusCode is not defined","timestamp":"2024-02-03 06:45:04"}
{"level":"error","message":"something went wrong while access home route , ReferenceError: StatusCode is not defined","timestamp":"2024-02-03 06:57:34"}
{"level":"error","message":"something went wrong while access home route , ReferenceError: StatusCode is not defined","timestamp":"2024-02-03 06:58:22"}
{"level":"error","message":"something went wrong while access home route , ReferenceError: StatusCode is not defined","timestamp":"2024-02-03 07:00:07"}
{"level":"error","message":"something went wrong while access home route , ReferenceError: StatusCode is not defined","timestamp":"2024-02-03 07:01:21"}
{"level":"error","message":"something went wrong while access home route , ReferenceError: StatusCode is not defined","timestamp":"2024-02-03 07:02:00"}
{"level":"error","message":"something went wrong while access home route , ReferenceError: sdfsd is not defined","timestamp":"2024-02-03 07:14:47"}
{"level":"error","message":"","timestamp":"2024-02-04 04:15:35"}
{"level":"error","message":"","timestamp":"2024-02-04 04:15:42"}
{"level":"error","message":"error occoured while establish connect","timestamp":"2024-02-04 04:15:58"}
{"level":"error","message":"error occoured while establish connection with databse","timestamp":"2024-02-04 04:16:02"}
{"level":"error","message":"error occoured while establish connection with databse ::: MongoParseError: Invalid scheme, expected connection string to start with \"mongodb://\" or \"mongodb+srv://\"","timestamp":"2024-02-04 04:16:09"}
{"level":"error","message":"error occoured while establish connection with databse ::: MongoParseError: Invalid scheme, expected connection string to start with \"mongodb://\" or \"mongodb+srv://\"","timestamp":"2024-02-04 04:17:30"}
{"level":"error","message":"error occoured while establish connection with databse ::: MongoParseError: Invalid scheme, expected connection string to start with \"mongodb://\" or \"mongodb+srv://\"","timestamp":"2024-02-04 04:17:38"}
{"level":"error","message":"error occoured while establish connection with databse ::: MongoParseError: Invalid scheme, expected connection string to start with \"mongodb://\" or \"mongodb+srv://\"","timestamp":"2024-02-04 04:17:58"}
{"level":"error","message":"error occoured while establish connection with databse ::: MongoParseError: Invalid scheme, expected connection string to start with \"mongodb://\" or \"mongodb+srv://\"","timestamp":"2024-02-04 04:18:09"}
{"level":"error","message":"error occoured while establish connection with databse ::: MongoParseError: Invalid scheme, expected connection string to start with \"mongodb://\" or \"mongodb+srv://\"","timestamp":"2024-02-04 04:18:15"}
{"level":"error","message":"error occoured while establish connection with databse ::: MongoParseError: Invalid scheme, expected connection string to start with \"mongodb://\" or \"mongodb+srv://\"","timestamp":"2024-02-04 04:18:32"}
{"level":"error","message":"Getting error while send message response, RangeError [ERR_HTTP_INVALID_STATUS_CODE]: Invalid status code: undefined","timestamp":"2024-02-04 05:20:18"}
{"level":"error","message":"Getting error while send message response, RangeError [ERR_HTTP_INVALID_STATUS_CODE]: Invalid status code: undefined","timestamp":"2024-02-04 05:20:36"}
