{"level":"error","message":"something went wrong while access home route , ReferenceError: StatusCode is not defined","timestamp":"2024-02-03T13:10:41.075Z"}
{"level":"error","message":"something went wrong while access home route , ReferenceError: StatusCode is not defined","timestamp":"2024-02-03T13:15:04.588Z"}
{"level":"error","message":"something went wrong while access home route , ReferenceError: StatusCode is not defined","timestamp":"2024-02-03T13:27:34.905Z"}
{"level":"error","message":"something went wrong while access home route , ReferenceError: StatusCode is not defined","timestamp":"2024-02-03T13:28:22.925Z"}
{"level":"error","message":"something went wrong while access home route , ReferenceError: StatusCode is not defined","timestamp":"2024-02-03T13:30:07.186Z"}
{"level":"error","message":"something went wrong while access home route , ReferenceError: StatusCode is not defined","timestamp":"2024-02-03T13:31:21.807Z"}
{"level":"error","message":"something went wrong while access home route , ReferenceError: StatusCode is not defined","timestamp":"2024-02-03T13:32:00.530Z"}
{"level":"error","message":"something went wrong while access home route , ReferenceError: sdfsd is not defined","timestamp":"2024-02-03T13:44:47.291Z"}
{"level":"error","message":"","timestamp":"2024-02-04T10:45:35.441Z"}
{"level":"error","message":"","timestamp":"2024-02-04T10:45:42.236Z"}
{"level":"error","message":"error occoured while establish connect","timestamp":"2024-02-04T10:45:58.333Z"}
{"level":"error","message":"error occoured while establish connection with databse","timestamp":"2024-02-04T10:46:02.432Z"}
{"level":"error","message":"error occoured while establish connection with databse ::: MongoParseError: Invalid scheme, expected connection string to start with \"mongodb://\" or \"mongodb+srv://\"","timestamp":"2024-02-04T10:46:09.385Z"}
{"level":"error","message":"error occoured while establish connection with databse ::: MongoParseError: Invalid scheme, expected connection string to start with \"mongodb://\" or \"mongodb+srv://\"","timestamp":"2024-02-04T10:47:30.486Z"}
{"level":"error","message":"error occoured while establish connection with databse ::: MongoParseError: Invalid scheme, expected connection string to start with \"mongodb://\" or \"mongodb+srv://\"","timestamp":"2024-02-04T10:47:38.444Z"}
{"level":"error","message":"error occoured while establish connection with databse ::: MongoParseError: Invalid scheme, expected connection string to start with \"mongodb://\" or \"mongodb+srv://\"","timestamp":"2024-02-04T10:47:58.219Z"}
{"level":"error","message":"error occoured while establish connection with databse ::: MongoParseError: Invalid scheme, expected connection string to start with \"mongodb://\" or \"mongodb+srv://\"","timestamp":"2024-02-04T10:48:09.622Z"}
{"level":"error","message":"error occoured while establish connection with databse ::: MongoParseError: Invalid scheme, expected connection string to start with \"mongodb://\" or \"mongodb+srv://\"","timestamp":"2024-02-04T10:48:15.389Z"}
{"level":"error","message":"error occoured while establish connection with databse ::: MongoParseError: Invalid scheme, expected connection string to start with \"mongodb://\" or \"mongodb+srv://\"","timestamp":"2024-02-04T10:48:32.281Z"}
{"level":"error","message":"Getting error while send message response, RangeError [ERR_HTTP_INVALID_STATUS_CODE]: Invalid status code: undefined","timestamp":"2024-02-04T11:50:18.984Z"}
{"level":"error","message":"Getting error while send message response, RangeError [ERR_HTTP_INVALID_STATUS_CODE]: Invalid status code: undefined","timestamp":"2024-02-04T11:50:36.605Z"}
